# JRE version: OpenJDK Runtime Environment Temurin-17.0.11+9 (17.0.11+9) (build 17.0.11+9)
# Java VM: OpenJDK 64-Bit Server VM Temurin-17.0.11+9 (17.0.11+9, mixed mode, tiered, compressed oops, compressed class ptrs, parallel gc, windows-amd64)
GC Precious Log:
 CPUs: 8 total, 8 available
 Memory: 24385M
 Large Page Support: Disabled
 NUMA Support: Disabled
 Compressed Oops: Enabled (32-bit)
 Alignments: Space 512K, Generation 512K, Heap 2M
 Heap Min Capacity: 100M
 Heap Initial Capacity: 100M
 Heap Max Capacity: 1G
 Pre-touch: Disabled
 Parallel Workers: 8
Heap:
 PSYoungGen      total 12288K, used 5795K [0x00000000eab00000, 0x00000000eb880000, 0x0000000100000000)
  eden space 10752K, 42% used [0x00000000eab00000,0x00000000eaf70f78,0x00000000eb580000)
  from space 1536K, 81% used [0x00000000eb580000,0x00000000eb6b8000,0x00000000eb700000)
  to   space 1536K, 0% used [0x00000000eb700000,0x00000000eb700000,0x00000000eb880000)
 ParOldGen       total 68608K, used 58934K [0x00000000c0000000, 0x00000000c4300000, 0x00000000eab00000)
  object space 68608K, 85% used [0x00000000c0000000,0x00000000c398db98,0x00000000c4300000)
 Metaspace       used 66666K, committed 67712K, reserved 1114112K
  class space    used 8101K, committed 8576K, reserved 1048576K
GC Heap History (20 events):
Event: 21.051 GC heap before
{Heap before GC invocations=46 (full 3):
 PSYoungGen      total 14848K, used 14592K [0x00000000eab00000, 0x00000000ebc80000, 0x0000000100000000)
  eden space 14336K, 100% used [0x00000000eab00000,0x00000000eb900000,0x00000000eb900000)
  from space 512K, 50% used [0x00000000ebc00000,0x00000000ebc40000,0x00000000ebc80000)
  to   space 1024K, 0% used [0x00000000eba80000,0x00000000eba80000,0x00000000ebb80000)
 ParOldGen       total 68608K, used 39778K [0x00000000c0000000, 0x00000000c4300000, 0x00000000eab00000)
  object space 68608K, 57% used [0x00000000c0000000,0x00000000c26d88d8,0x00000000c4300000)
 Metaspace       used 66310K, committed 67392K, reserved 1114112K
  class space    used 8083K, committed 8576K, reserved 1048576K
}
Event: 21.053 GC heap after
{Heap after GC invocations=46 (full 3):
 PSYoungGen      total 15360K, used 782K [0x00000000eab00000, 0x00000000ebc80000, 0x0000000100000000)
  eden space 14336K, 0% used [0x00000000eab00000,0x00000000eab00000,0x00000000eb900000)
  from space 1024K, 76% used [0x00000000eba80000,0x00000000ebb43b60,0x00000000ebb80000)
  to   space 1024K, 0% used [0x00000000ebb80000,0x00000000ebb80000,0x00000000ebc80000)
 ParOldGen       total 68608K, used 41788K [0x00000000c0000000, 0x00000000c4300000, 0x00000000eab00000)
  object space 68608K, 60% used [0x00000000c0000000,0x00000000c28cf210,0x00000000c4300000)
 Metaspace       used 66310K, committed 67392K, reserved 1114112K
  class space    used 8083K, committed 8576K, reserved 1048576K
}
Event: 21.205 GC heap before
{Heap before GC invocations=47 (full 3):
 PSYoungGen      total 15360K, used 15118K [0x00000000eab00000, 0x00000000ebc80000, 0x0000000100000000)
  eden space 14336K, 100% used [0x00000000eab00000,0x00000000eb900000,0x00000000eb900000)
  from space 1024K, 76% used [0x00000000eba80000,0x00000000ebb43b60,0x00000000ebb80000)
  to   space 1024K, 0% used [0x00000000ebb80000,0x00000000ebb80000,0x00000000ebc80000)
 ParOldGen       total 68608K, used 41788K [0x00000000c0000000, 0x00000000c4300000, 0x00000000eab00000)
  object space 68608K, 60% used [0x00000000c0000000,0x00000000c28cf210,0x00000000c4300000)
 Metaspace       used 66625K, committed 67648K, reserved 1114112K
  class space    used 8101K, committed 8576K, reserved 1048576K
}
Event: 21.207 GC heap after
{Heap after GC invocations=47 (full 3):
 PSYoungGen      total 14336K, used 1004K [0x00000000eab00000, 0x00000000ec000000, 0x0000000100000000)
  eden space 13312K, 0% used [0x00000000eab00000,0x00000000eab00000,0x00000000eb800000)
  from space 1024K, 98% used [0x00000000ebb80000,0x00000000ebc7b008,0x00000000ebc80000)
  to   space 3584K, 0% used [0x00000000eb800000,0x00000000eb800000,0x00000000ebb80000)
 ParOldGen       total 68608K, used 43733K [0x00000000c0000000, 0x00000000c4300000, 0x00000000eab00000)
  object space 68608K, 63% used [0x00000000c0000000,0x00000000c2ab5538,0x00000000c4300000)
 Metaspace       used 66625K, committed 67648K, reserved 1114112K
  class space    used 8101K, committed 8576K, reserved 1048576K
}
Event: 21.301 GC heap before
{Heap before GC invocations=48 (full 3):
 PSYoungGen      total 14336K, used 14316K [0x00000000eab00000, 0x00000000ec000000, 0x0000000100000000)
  eden space 13312K, 100% used [0x00000000eab00000,0x00000000eb800000,0x00000000eb800000)
  from space 1024K, 98% used [0x00000000ebb80000,0x00000000ebc7b008,0x00000000ebc80000)
  to   space 3584K, 0% used [0x00000000eb800000,0x00000000eb800000,0x00000000ebb80000)
 ParOldGen       total 68608K, used 43733K [0x00000000c0000000, 0x00000000c4300000, 0x00000000eab00000)
  object space 68608K, 63% used [0x00000000c0000000,0x00000000c2ab5538,0x00000000c4300000)
 Metaspace       used 66641K, committed 67648K, reserved 1114112K
  class space    used 8101K, committed 8576K, reserved 1048576K
}
Event: 21.304 GC heap after
{Heap after GC invocations=48 (full 3):
 PSYoungGen      total 16384K, used 2680K [0x00000000eab00000, 0x00000000ebe00000, 0x0000000100000000)
  eden space 13312K, 0% used [0x00000000eab00000,0x00000000eab00000,0x00000000eb800000)
  from space 3072K, 87% used [0x00000000eb800000,0x00000000eba9e008,0x00000000ebb00000)
  to   space 3072K, 0% used [0x00000000ebb00000,0x00000000ebb00000,0x00000000ebe00000)
 ParOldGen       total 68608K, used 44581K [0x00000000c0000000, 0x00000000c4300000, 0x00000000eab00000)
  object space 68608K, 64% used [0x00000000c0000000,0x00000000c2b89538,0x00000000c4300000)
 Metaspace       used 66641K, committed 67648K, reserved 1114112K
  class space    used 8101K, committed 8576K, reserved 1048576K
}
Event: 21.403 GC heap before
{Heap before GC invocations=49 (full 3):
 PSYoungGen      total 16384K, used 15992K [0x00000000eab00000, 0x00000000ebe00000, 0x0000000100000000)
  eden space 13312K, 100% used [0x00000000eab00000,0x00000000eb800000,0x00000000eb800000)
  from space 3072K, 87% used [0x00000000eb800000,0x00000000eba9e008,0x00000000ebb00000)
  to   space 3072K, 0% used [0x00000000ebb00000,0x00000000ebb00000,0x00000000ebe00000)
 ParOldGen       total 68608K, used 44581K [0x00000000c0000000, 0x00000000c4300000, 0x00000000eab00000)
  object space 68608K, 64% used [0x00000000c0000000,0x00000000c2b89538,0x00000000c4300000)
 Metaspace       used 66645K, committed 67648K, reserved 1114112K
  class space    used 8101K, committed 8576K, reserved 1048576K
}
Event: 21.405 GC heap after
{Heap after GC invocations=49 (full 3):
 PSYoungGen      total 15360K, used 1920K [0x00000000eab00000, 0x00000000ebd00000, 0x0000000100000000)
  eden space 13312K, 0% used [0x00000000eab00000,0x00000000eab00000,0x00000000eb800000)
  from space 2048K, 93% used [0x00000000ebb00000,0x00000000ebce0000,0x00000000ebd00000)
  to   space 2560K, 0% used [0x00000000eb800000,0x00000000eb800000,0x00000000eba80000)
 ParOldGen       total 68608K, used 47173K [0x00000000c0000000, 0x00000000c4300000, 0x00000000eab00000)
  object space 68608K, 68% used [0x00000000c0000000,0x00000000c2e11770,0x00000000c4300000)
 Metaspace       used 66645K, committed 67648K, reserved 1114112K
  class space    used 8101K, committed 8576K, reserved 1048576K
}
Event: 21.500 GC heap before
{Heap before GC invocations=50 (full 3):
 PSYoungGen      total 15360K, used 15232K [0x00000000eab00000, 0x00000000ebd00000, 0x0000000100000000)
  eden space 13312K, 100% used [0x00000000eab00000,0x00000000eb800000,0x00000000eb800000)
  from space 2048K, 93% used [0x00000000ebb00000,0x00000000ebce0000,0x00000000ebd00000)
  to   space 2560K, 0% used [0x00000000eb800000,0x00000000eb800000,0x00000000eba80000)
 ParOldGen       total 68608K, used 47173K [0x00000000c0000000, 0x00000000c4300000, 0x00000000eab00000)
  object space 68608K, 68% used [0x00000000c0000000,0x00000000c2e11770,0x00000000c4300000)
 Metaspace       used 66654K, committed 67712K, reserved 1114112K
  class space    used 8101K, committed 8576K, reserved 1048576K
}
Event: 21.503 GC heap after
{Heap after GC invocations=50 (full 3):
 PSYoungGen      total 15360K, used 1984K [0x00000000eab00000, 0x00000000ebc00000, 0x0000000100000000)
  eden space 13312K, 0% used [0x00000000eab00000,0x00000000eab00000,0x00000000eb800000)
  from space 2048K, 96% used [0x00000000eb800000,0x00000000eb9f0000,0x00000000eba00000)
  to   space 2048K, 0% used [0x00000000eba00000,0x00000000eba00000,0x00000000ebc00000)
 ParOldGen       total 68608K, used 48973K [0x00000000c0000000, 0x00000000c4300000, 0x00000000eab00000)
  object space 68608K, 71% used [0x00000000c0000000,0x00000000c2fd3770,0x00000000c4300000)
 Metaspace       used 66654K, committed 67712K, reserved 1114112K
  class space    used 8101K, committed 8576K, reserved 1048576K
}
Event: 21.591 GC heap before
{Heap before GC invocations=51 (full 3):
 PSYoungGen      total 15360K, used 15296K [0x00000000eab00000, 0x00000000ebc00000, 0x0000000100000000)
  eden space 13312K, 100% used [0x00000000eab00000,0x00000000eb800000,0x00000000eb800000)
  from space 2048K, 96% used [0x00000000eb800000,0x00000000eb9f0000,0x00000000eba00000)
  to   space 2048K, 0% used [0x00000000eba00000,0x00000000eba00000,0x00000000ebc00000)
 ParOldGen       total 68608K, used 48973K [0x00000000c0000000, 0x00000000c4300000, 0x00000000eab00000)
  object space 68608K, 71% used [0x00000000c0000000,0x00000000c2fd3770,0x00000000c4300000)
 Metaspace       used 66658K, committed 67712K, reserved 1114112K
  class space    used 8101K, committed 8576K, reserved 1048576K
}
Event: 21.594 GC heap after
{Heap after GC invocations=51 (full 3):
 PSYoungGen      total 12800K, used 2032K [0x00000000eab00000, 0x00000000ec100000, 0x0000000100000000)
  eden space 10752K, 0% used [0x00000000eab00000,0x00000000eab00000,0x00000000eb580000)
  from space 2048K, 99% used [0x00000000eba00000,0x00000000ebbfc008,0x00000000ebc00000)
  to   space 4608K, 0% used [0x00000000eb580000,0x00000000eb580000,0x00000000eba00000)
 ParOldGen       total 68608K, used 50944K [0x00000000c0000000, 0x00000000c4300000, 0x00000000eab00000)
  object space 68608K, 74% used [0x00000000c0000000,0x00000000c31c0380,0x00000000c4300000)
 Metaspace       used 66658K, committed 67712K, reserved 1114112K
  class space    used 8101K, committed 8576K, reserved 1048576K
}
Event: 21.654 GC heap before
{Heap before GC invocations=52 (full 3):
 PSYoungGen      total 12800K, used 12784K [0x00000000eab00000, 0x00000000ec100000, 0x0000000100000000)
  eden space 10752K, 100% used [0x00000000eab00000,0x00000000eb580000,0x00000000eb580000)
  from space 2048K, 99% used [0x00000000eba00000,0x00000000ebbfc008,0x00000000ebc00000)
  to   space 4608K, 0% used [0x00000000eb580000,0x00000000eb580000,0x00000000eba00000)
 ParOldGen       total 68608K, used 50944K [0x00000000c0000000, 0x00000000c4300000, 0x00000000eab00000)
  object space 68608K, 74% used [0x00000000c0000000,0x00000000c31c0380,0x00000000c4300000)
 Metaspace       used 66658K, committed 67712K, reserved 1114112K
  class space    used 8101K, committed 8576K, reserved 1048576K
}
Event: 21.657 GC heap after
{Heap after GC invocations=52 (full 3):
 PSYoungGen      total 12800K, used 1632K [0x00000000eab00000, 0x00000000eba80000, 0x0000000100000000)
  eden space 10752K, 0% used [0x00000000eab00000,0x00000000eab00000,0x00000000eb580000)
  from space 2048K, 79% used [0x00000000eb580000,0x00000000eb718000,0x00000000eb780000)
  to   space 2560K, 0% used [0x00000000eb800000,0x00000000eb800000,0x00000000eba80000)
 ParOldGen       total 68608K, used 52896K [0x00000000c0000000, 0x00000000c4300000, 0x00000000eab00000)
  object space 68608K, 77% used [0x00000000c0000000,0x00000000c33a8388,0x00000000c4300000)
 Metaspace       used 66658K, committed 67712K, reserved 1114112K
  class space    used 8101K, committed 8576K, reserved 1048576K
}
Event: 21.725 GC heap before
{Heap before GC invocations=53 (full 3):
 PSYoungGen      total 12800K, used 12384K [0x00000000eab00000, 0x00000000eba80000, 0x0000000100000000)
  eden space 10752K, 100% used [0x00000000eab00000,0x00000000eb580000,0x00000000eb580000)
  from space 2048K, 79% used [0x00000000eb580000,0x00000000eb718000,0x00000000eb780000)
  to   space 2560K, 0% used [0x00000000eb800000,0x00000000eb800000,0x00000000eba80000)
 ParOldGen       total 68608K, used 52896K [0x00000000c0000000, 0x00000000c4300000, 0x00000000eab00000)
  object space 68608K, 77% used [0x00000000c0000000,0x00000000c33a8388,0x00000000c4300000)
 Metaspace       used 66664K, committed 67712K, reserved 1114112K
  class space    used 8101K, committed 8576K, reserved 1048576K
}
Event: 21.728 GC heap after
{Heap after GC invocations=53 (full 3):
 PSYoungGen      total 12800K, used 1654K [0x00000000eab00000, 0x00000000eba00000, 0x0000000100000000)
  eden space 10752K, 0% used [0x00000000eab00000,0x00000000eab00000,0x00000000eb580000)
  from space 2048K, 80% used [0x00000000eb800000,0x00000000eb99d810,0x00000000eba00000)
  to   space 2048K, 0% used [0x00000000eb580000,0x00000000eb580000,0x00000000eb780000)
 ParOldGen       total 68608K, used 54392K [0x00000000c0000000, 0x00000000c4300000, 0x00000000eab00000)
  object space 68608K, 79% used [0x00000000c0000000,0x00000000c351e388,0x00000000c4300000)
 Metaspace       used 66664K, committed 67712K, reserved 1114112K
  class space    used 8101K, committed 8576K, reserved 1048576K
}
Event: 21.793 GC heap before
{Heap before GC invocations=54 (full 3):
 PSYoungGen      total 12800K, used 12406K [0x00000000eab00000, 0x00000000eba00000, 0x0000000100000000)
  eden space 10752K, 100% used [0x00000000eab00000,0x00000000eb580000,0x00000000eb580000)
  from space 2048K, 80% used [0x00000000eb800000,0x00000000eb99d810,0x00000000eba00000)
  to   space 2048K, 0% used [0x00000000eb580000,0x00000000eb580000,0x00000000eb780000)
 ParOldGen       total 68608K, used 54392K [0x00000000c0000000, 0x00000000c4300000, 0x00000000eab00000)
  object space 68608K, 79% used [0x00000000c0000000,0x00000000c351e388,0x00000000c4300000)
 Metaspace       used 66666K, committed 67712K, reserved 1114112K
  class space    used 8101K, committed 8576K, reserved 1048576K
}
Event: 21.797 GC heap after
{Heap after GC invocations=54 (full 3):
 PSYoungGen      total 12800K, used 1632K [0x00000000eab00000, 0x00000000eb980000, 0x0000000100000000)
  eden space 10752K, 0% used [0x00000000eab00000,0x00000000eab00000,0x00000000eb580000)
  from space 2048K, 79% used [0x00000000eb580000,0x00000000eb718000,0x00000000eb780000)
  to   space 2048K, 0% used [0x00000000eb780000,0x00000000eb780000,0x00000000eb980000)
 ParOldGen       total 68608K, used 55918K [0x00000000c0000000, 0x00000000c4300000, 0x00000000eab00000)
  object space 68608K, 81% used [0x00000000c0000000,0x00000000c369bb98,0x00000000c4300000)
 Metaspace       used 66666K, committed 67712K, reserved 1114112K
  class space    used 8101K, committed 8576K, reserved 1048576K
}
Event: 21.885 GC heap before
{Heap before GC invocations=55 (full 3):
 PSYoungGen      total 12800K, used 12384K [0x00000000eab00000, 0x00000000eb980000, 0x0000000100000000)
  eden space 10752K, 100% used [0x00000000eab00000,0x00000000eb580000,0x00000000eb580000)
  from space 2048K, 79% used [0x00000000eb580000,0x00000000eb718000,0x00000000eb780000)
  to   space 2048K, 0% used [0x00000000eb780000,0x00000000eb780000,0x00000000eb980000)
 ParOldGen       total 68608K, used 55918K [0x00000000c0000000, 0x00000000c4300000, 0x00000000eab00000)
  object space 68608K, 81% used [0x00000000c0000000,0x00000000c369bb98,0x00000000c4300000)
 Metaspace       used 66666K, committed 67712K, reserved 1114112K
  class space    used 8101K, committed 8576K, reserved 1048576K
}
Event: 21.889 GC heap after
{Heap after GC invocations=55 (full 3):
 PSYoungGen      total 12800K, used 1632K [0x00000000eab00000, 0x00000000eb980000, 0x0000000100000000)
  eden space 10752K, 0% used [0x00000000eab00000,0x00000000eab00000,0x00000000eb580000)
  from space 2048K, 79% used [0x00000000eb780000,0x00000000eb918000,0x00000000eb980000)
  to   space 2048K, 0% used [0x00000000eb580000,0x00000000eb580000,0x00000000eb780000)
 ParOldGen       total 68608K, used 57390K [0x00000000c0000000, 0x00000000c4300000, 0x00000000eab00000)
  object space 68608K, 83% used [0x00000000c0000000,0x00000000c380bb98,0x00000000c4300000)
 Metaspace       used 66666K, committed 67712K, reserved 1114112K
  class space    used 8101K, committed 8576K, reserved 1048576K
}

